{"/home/silas/Documents/Projects/z1/pokedex/store.ts": {"path":"/home/silas/Documents/Projects/z1/pokedex/store.ts","statementMap":{"0":{"start":{"line":4,"column":21},"end":{"line":8,"column":2}}},"fnMap":{},"branchMap":{},"s":{"0":3},"f":{},"b":{},"_coverageSchema":"1a1c01bbd47fc00a2c39e90264f33305004495a9","hash":"32b6baf96f22723821657ee9fdc3e6605059a703"}
,"/home/silas/Documents/Projects/z1/pokedex/mock/mockDitto.ts": {"path":"/home/silas/Documents/Projects/z1/pokedex/mock/mockDitto.ts","statementMap":{"0":{"start":{"line":1,"column":25},"end":{"line":1025,"column":1}}},"fnMap":{},"branchMap":{},"s":{"0":2},"f":{},"b":{},"_coverageSchema":"1a1c01bbd47fc00a2c39e90264f33305004495a9","hash":"66d2090b3eea062d472363c2fcfae2b1ac53b548"}
,"/home/silas/Documents/Projects/z1/pokedex/mock/mockPokemonList.ts": {"path":"/home/silas/Documents/Projects/z1/pokedex/mock/mockPokemonList.ts","statementMap":{"0":{"start":{"line":1,"column":31},"end":{"line":87,"column":1}}},"fnMap":{},"branchMap":{},"s":{"0":2},"f":{},"b":{},"_coverageSchema":"1a1c01bbd47fc00a2c39e90264f33305004495a9","hash":"722fcd77bf5cacec4ff94354306cfcfe67746608"}
,"/home/silas/Documents/Projects/z1/pokedex/src/api/api.ts": {"path":"/home/silas/Documents/Projects/z1/pokedex/src/api/api.ts","statementMap":{"0":{"start":{"line":3,"column":19},"end":{"line":16,"column":1}},"1":{"start":{"line":5,"column":4},"end":{"line":8,"column":7}},"2":{"start":{"line":11,"column":4},"end":{"line":14,"column":7}}},"fnMap":{"0":{"name":"(anonymous_0)","decl":{"start":{"line":4,"column":10},"end":{"line":4,"column":11}},"loc":{"start":{"line":4,"column":51},"end":{"line":9,"column":3}},"line":4},"1":{"name":"(anonymous_1)","decl":{"start":{"line":10,"column":14},"end":{"line":10,"column":15}},"loc":{"start":{"line":10,"column":37},"end":{"line":15,"column":3}},"line":10}},"branchMap":{},"s":{"0":4,"1":3,"2":26},"f":{"0":3,"1":26},"b":{},"_coverageSchema":"1a1c01bbd47fc00a2c39e90264f33305004495a9","hash":"1792c5fc4a88d94f7efee70c61b39e6eb67bea9f"}
,"/home/silas/Documents/Projects/z1/pokedex/src/api/client/errorHandler.ts": {"path":"/home/silas/Documents/Projects/z1/pokedex/src/api/client/errorHandler.ts","statementMap":{"0":{"start":{"line":3,"column":21},"end":{"line":12,"column":1}},"1":{"start":{"line":4,"column":2},"end":{"line":6,"column":3}},"2":{"start":{"line":5,"column":4},"end":{"line":5,"column":33}},"3":{"start":{"line":8,"column":2},"end":{"line":10,"column":3}},"4":{"start":{"line":9,"column":4},"end":{"line":9,"column":31}},"5":{"start":{"line":11,"column":2},"end":{"line":11,"column":31}}},"fnMap":{"0":{"name":"(anonymous_0)","decl":{"start":{"line":3,"column":21},"end":{"line":3,"column":22}},"loc":{"start":{"line":3,"column":55},"end":{"line":12,"column":1}},"line":3}},"branchMap":{"0":{"loc":{"start":{"line":4,"column":2},"end":{"line":6,"column":3}},"type":"if","locations":[{"start":{"line":4,"column":2},"end":{"line":6,"column":3}},{"start":{},"end":{}}],"line":4},"1":{"loc":{"start":{"line":8,"column":2},"end":{"line":10,"column":3}},"type":"if","locations":[{"start":{"line":8,"column":2},"end":{"line":10,"column":3}},{"start":{},"end":{}}],"line":8}},"s":{"0":4,"1":0,"2":0,"3":0,"4":0,"5":0},"f":{"0":0},"b":{"0":[0,0],"1":[0,0]},"_coverageSchema":"1a1c01bbd47fc00a2c39e90264f33305004495a9","hash":"f17eb91f0200b67a87d52db72e074b2c961723b9"}
,"/home/silas/Documents/Projects/z1/pokedex/src/api/client/index.ts": {"path":"/home/silas/Documents/Projects/z1/pokedex/src/api/client/index.ts","statementMap":{"0":{"start":{"line":4,"column":23},"end":{"line":4,"column":53}},"1":{"start":{"line":6,"column":17},"end":{"line":9,"column":2}},"2":{"start":{"line":11,"column":15},"end":{"line":15,"column":1}},"3":{"start":{"line":12,"column":20},"end":{"line":12,"column":62}},"4":{"start":{"line":12,"column":49},"end":{"line":12,"column":62}},"5":{"start":{"line":13,"column":18},"end":{"line":13,"column":66}},"6":{"start":{"line":13,"column":34},"end":{"line":13,"column":66}},"7":{"start":{"line":14,"column":2},"end":{"line":14,"column":58}}},"fnMap":{"0":{"name":"(anonymous_0)","decl":{"start":{"line":11,"column":15},"end":{"line":11,"column":16}},"loc":{"start":{"line":11,"column":73},"end":{"line":15,"column":1}},"line":11},"1":{"name":"(anonymous_1)","decl":{"start":{"line":12,"column":20},"end":{"line":12,"column":21}},"loc":{"start":{"line":12,"column":49},"end":{"line":12,"column":62}},"line":12},"2":{"name":"(anonymous_2)","decl":{"start":{"line":13,"column":18},"end":{"line":13,"column":19}},"loc":{"start":{"line":13,"column":34},"end":{"line":13,"column":66}},"line":13}},"branchMap":{"0":{"loc":{"start":{"line":11,"column":50},"end":{"line":11,"column":68}},"type":"default-arg","locations":[{"start":{"line":11,"column":64},"end":{"line":11,"column":68}}],"line":11}},"s":{"0":4,"1":4,"2":4,"3":29,"4":26,"5":29,"6":0,"7":29},"f":{"0":29,"1":26,"2":0},"b":{"0":[29]},"_coverageSchema":"1a1c01bbd47fc00a2c39e90264f33305004495a9","hash":"c6e6f19f790f1e1eb7bfebcb4208118c9e22763a"}
,"/home/silas/Documents/Projects/z1/pokedex/src/components/Card/index.tsx": {"path":"/home/silas/Documents/Projects/z1/pokedex/src/components/Card/index.tsx","statementMap":{"0":{"start":{"line":10,"column":56},"end":{"line":13,"column":29}},"1":{"start":{"line":15,"column":4},"end":{"line":43,"column":6}},"2":{"start":{"line":49,"column":15},"end":{"line":71,"column":2}}},"fnMap":{"0":{"name":"(anonymous_0)","decl":{"start":{"line":9,"column":2},"end":{"line":9,"column":3}},"loc":{"start":{"line":9,"column":11},"end":{"line":44,"column":3}},"line":9}},"branchMap":{"0":{"loc":{"start":{"line":29,"column":11},"end":{"line":31,"column":11}},"type":"binary-expr","locations":[{"start":{"line":29,"column":11},"end":{"line":29,"column":19}},{"start":{"line":30,"column":12},"end":{"line":30,"column":78}}],"line":29}},"s":{"0":1,"1":1,"2":2},"f":{"0":1},"b":{"0":[1,0]},"_coverageSchema":"1a1c01bbd47fc00a2c39e90264f33305004495a9","hash":"8fccd0492a5da0b906d7905165b1660d693039c1"}
,"/home/silas/Documents/Projects/z1/pokedex/src/components/Loading/index.tsx": {"path":"/home/silas/Documents/Projects/z1/pokedex/src/components/Loading/index.tsx","statementMap":{"0":{"start":{"line":6,"column":2},"end":{"line":17,"column":4}},"1":{"start":{"line":20,"column":15},"end":{"line":30,"column":2}}},"fnMap":{"0":{"name":"Loading","decl":{"start":{"line":5,"column":24},"end":{"line":5,"column":31}},"loc":{"start":{"line":5,"column":34},"end":{"line":18,"column":1}},"line":5}},"branchMap":{},"s":{"0":3,"1":3},"f":{"0":3},"b":{},"_coverageSchema":"1a1c01bbd47fc00a2c39e90264f33305004495a9","hash":"6f9bc7a7532dc6408dd29850669736d607492ff7"}
,"/home/silas/Documents/Projects/z1/pokedex/src/components/PokemonTypeList/index.tsx": {"path":"/home/silas/Documents/Projects/z1/pokedex/src/components/PokemonTypeList/index.tsx","statementMap":{"0":{"start":{"line":11,"column":24},"end":{"line":27,"column":1}},"1":{"start":{"line":12,"column":2},"end":{"line":26,"column":4}},"2":{"start":{"line":15,"column":8},"end":{"line":23,"column":15}},"3":{"start":{"line":31,"column":15},"end":{"line":52,"column":2}}},"fnMap":{"0":{"name":"(anonymous_0)","decl":{"start":{"line":11,"column":24},"end":{"line":11,"column":25}},"loc":{"start":{"line":11,"column":69},"end":{"line":27,"column":1}},"line":11},"1":{"name":"(anonymous_1)","decl":{"start":{"line":14,"column":18},"end":{"line":14,"column":19}},"loc":{"start":{"line":15,"column":8},"end":{"line":23,"column":15}},"line":15}},"branchMap":{"0":{"loc":{"start":{"line":13,"column":36},"end":{"line":13,"column":74}},"type":"binary-expr","locations":[{"start":{"line":13,"column":36},"end":{"line":13,"column":46}},{"start":{"line":13,"column":50},"end":{"line":13,"column":74}}],"line":13},"1":{"loc":{"start":{"line":19,"column":41},"end":{"line":19,"column":56}},"type":"binary-expr","locations":[{"start":{"line":19,"column":41},"end":{"line":19,"column":51}},{"start":{"line":19,"column":55},"end":{"line":19,"column":56}}],"line":19}},"s":{"0":4,"1":2,"2":4,"3":4},"f":{"0":2,"1":4},"b":{"0":[2,0],"1":[4,0]},"_coverageSchema":"1a1c01bbd47fc00a2c39e90264f33305004495a9","hash":"a7e92720213a9d20dbb91de72a37934faf87e939"}
,"/home/silas/Documents/Projects/z1/pokedex/src/constants/colors.ts": {"path":"/home/silas/Documents/Projects/z1/pokedex/src/constants/colors.ts","statementMap":{"0":{"start":{"line":1,"column":22},"end":{"line":20,"column":1}}},"fnMap":{},"branchMap":{},"s":{"0":5},"f":{},"b":{},"_coverageSchema":"1a1c01bbd47fc00a2c39e90264f33305004495a9","hash":"95e89b13607eb7fa3cfdf51b77faee3308c0f0dc"}
,"/home/silas/Documents/Projects/z1/pokedex/src/constants/keys.ts": {"path":"/home/silas/Documents/Projects/z1/pokedex/src/constants/keys.ts","statementMap":{"0":{"start":{"line":1,"column":20},"end":{"line":1,"column":41}}},"fnMap":{},"branchMap":{},"s":{"0":4},"f":{},"b":{},"_coverageSchema":"1a1c01bbd47fc00a2c39e90264f33305004495a9","hash":"3fd166fa5724f23ad3b6bcc2cc46248b4650f1c3"}
,"/home/silas/Documents/Projects/z1/pokedex/src/reducers/pokemonReducer.ts": {"path":"/home/silas/Documents/Projects/z1/pokedex/src/reducers/pokemonReducer.ts","statementMap":{"0":{"start":{"line":7,"column":31},"end":{"line":71,"column":1}},"1":{"start":{"line":11,"column":26},"end":{"line":11,"column":71}},"2":{"start":{"line":12,"column":41},"end":{"line":18,"column":7}},"3":{"start":{"line":15,"column":12},"end":{"line":15,"column":45}},"4":{"start":{"line":16,"column":10},"end":{"line":16,"column":80}},"5":{"start":{"line":19,"column":6},"end":{"line":19,"column":29}},"6":{"start":{"line":25,"column":19},"end":{"line":25,"column":70}},"7":{"start":{"line":27,"column":8},"end":{"line":27,"column":60}},"8":{"start":{"line":29,"column":59},"end":{"line":31,"column":7}},"9":{"start":{"line":33,"column":23},"end":{"line":43,"column":18}},"10":{"start":{"line":45,"column":6},"end":{"line":45,"column":22}},"11":{"start":{"line":52,"column":8},"end":{"line":52,"column":62}},"12":{"start":{"line":53,"column":59},"end":{"line":55,"column":7}},"13":{"start":{"line":56,"column":23},"end":{"line":66,"column":18}},"14":{"start":{"line":68,"column":6},"end":{"line":68,"column":22}},"15":{"start":{"line":73,"column":21},"end":{"line":79,"column":17}},"16":{"start":{"line":81,"column":21},"end":{"line":149,"column":2}},"17":{"start":{"line":86,"column":4},"end":{"line":89,"column":7}},"18":{"start":{"line":87,"column":6},"end":{"line":87,"column":27}},"19":{"start":{"line":88,"column":6},"end":{"line":88,"column":25}},"20":{"start":{"line":90,"column":4},"end":{"line":98,"column":6}},"21":{"start":{"line":93,"column":8},"end":{"line":93,"column":30}},"22":{"start":{"line":94,"column":8},"end":{"line":94,"column":27}},"23":{"start":{"line":95,"column":8},"end":{"line":95,"column":29}},"24":{"start":{"line":96,"column":8},"end":{"line":96,"column":33}},"25":{"start":{"line":99,"column":4},"end":{"line":107,"column":6}},"26":{"start":{"line":102,"column":8},"end":{"line":102,"column":30}},"27":{"start":{"line":103,"column":8},"end":{"line":103,"column":30}},"28":{"start":{"line":104,"column":8},"end":{"line":104,"column":30}},"29":{"start":{"line":105,"column":8},"end":{"line":105,"column":30}},"30":{"start":{"line":109,"column":4},"end":{"line":112,"column":7}},"31":{"start":{"line":110,"column":6},"end":{"line":110,"column":27}},"32":{"start":{"line":111,"column":6},"end":{"line":111,"column":25}},"33":{"start":{"line":113,"column":4},"end":{"line":121,"column":6}},"34":{"start":{"line":116,"column":8},"end":{"line":116,"column":30}},"35":{"start":{"line":117,"column":8},"end":{"line":117,"column":27}},"36":{"start":{"line":118,"column":8},"end":{"line":118,"column":29}},"37":{"start":{"line":119,"column":8},"end":{"line":119,"column":33}},"38":{"start":{"line":122,"column":4},"end":{"line":130,"column":6}},"39":{"start":{"line":125,"column":8},"end":{"line":125,"column":30}},"40":{"start":{"line":126,"column":8},"end":{"line":126,"column":30}},"41":{"start":{"line":127,"column":8},"end":{"line":127,"column":30}},"42":{"start":{"line":128,"column":8},"end":{"line":128,"column":30}},"43":{"start":{"line":132,"column":4},"end":{"line":135,"column":7}},"44":{"start":{"line":133,"column":6},"end":{"line":133,"column":27}},"45":{"start":{"line":134,"column":6},"end":{"line":134,"column":25}},"46":{"start":{"line":136,"column":4},"end":{"line":141,"column":7}},"47":{"start":{"line":137,"column":6},"end":{"line":137,"column":28}},"48":{"start":{"line":138,"column":6},"end":{"line":138,"column":25}},"49":{"start":{"line":139,"column":6},"end":{"line":139,"column":46}},"50":{"start":{"line":140,"column":6},"end":{"line":140,"column":28}},"51":{"start":{"line":142,"column":4},"end":{"line":147,"column":7}},"52":{"start":{"line":143,"column":6},"end":{"line":143,"column":28}},"53":{"start":{"line":144,"column":6},"end":{"line":144,"column":28}},"54":{"start":{"line":145,"column":6},"end":{"line":145,"column":22}},"55":{"start":{"line":146,"column":6},"end":{"line":146,"column":28}},"56":{"start":{"line":152,"column":32},"end":{"line":153,"column":15}},"57":{"start":{"line":153,"column":2},"end":{"line":153,"column":15}}},"fnMap":{"0":{"name":"(anonymous_0)","decl":{"start":{"line":10,"column":4},"end":{"line":10,"column":5}},"loc":{"start":{"line":10,"column":57},"end":{"line":20,"column":5}},"line":10},"1":{"name":"(anonymous_1)","decl":{"start":{"line":13,"column":20},"end":{"line":13,"column":21}},"loc":{"start":{"line":13,"column":48},"end":{"line":17,"column":9}},"line":13},"2":{"name":"(anonymous_2)","decl":{"start":{"line":24,"column":4},"end":{"line":24,"column":5}},"loc":{"start":{"line":24,"column":30},"end":{"line":46,"column":5}},"line":24},"3":{"name":"(anonymous_3)","decl":{"start":{"line":50,"column":4},"end":{"line":50,"column":5}},"loc":{"start":{"line":50,"column":33},"end":{"line":69,"column":5}},"line":50},"4":{"name":"(anonymous_4)","decl":{"start":{"line":85,"column":17},"end":{"line":85,"column":18}},"loc":{"start":{"line":85,"column":30},"end":{"line":148,"column":3}},"line":85},"5":{"name":"(anonymous_5)","decl":{"start":{"line":86,"column":58},"end":{"line":86,"column":59}},"loc":{"start":{"line":86,"column":69},"end":{"line":89,"column":5}},"line":86},"6":{"name":"(anonymous_6)","decl":{"start":{"line":92,"column":6},"end":{"line":92,"column":7}},"loc":{"start":{"line":92,"column":30},"end":{"line":97,"column":7}},"line":92},"7":{"name":"(anonymous_7)","decl":{"start":{"line":101,"column":6},"end":{"line":101,"column":7}},"loc":{"start":{"line":101,"column":30},"end":{"line":106,"column":7}},"line":101},"8":{"name":"(anonymous_8)","decl":{"start":{"line":109,"column":56},"end":{"line":109,"column":57}},"loc":{"start":{"line":109,"column":67},"end":{"line":112,"column":5}},"line":109},"9":{"name":"(anonymous_9)","decl":{"start":{"line":115,"column":6},"end":{"line":115,"column":7}},"loc":{"start":{"line":115,"column":30},"end":{"line":120,"column":7}},"line":115},"10":{"name":"(anonymous_10)","decl":{"start":{"line":124,"column":6},"end":{"line":124,"column":7}},"loc":{"start":{"line":124,"column":30},"end":{"line":129,"column":7}},"line":124},"11":{"name":"(anonymous_11)","decl":{"start":{"line":132,"column":52},"end":{"line":132,"column":53}},"loc":{"start":{"line":132,"column":63},"end":{"line":135,"column":5}},"line":132},"12":{"name":"(anonymous_12)","decl":{"start":{"line":136,"column":54},"end":{"line":136,"column":55}},"loc":{"start":{"line":136,"column":78},"end":{"line":141,"column":5}},"line":136},"13":{"name":"(anonymous_13)","decl":{"start":{"line":142,"column":53},"end":{"line":142,"column":54}},"loc":{"start":{"line":142,"column":77},"end":{"line":147,"column":5}},"line":142},"14":{"name":"(anonymous_14)","decl":{"start":{"line":152,"column":32},"end":{"line":152,"column":33}},"loc":{"start":{"line":153,"column":2},"end":{"line":153,"column":15}},"line":153}},"branchMap":{},"s":{"0":3,"1":2,"2":1,"3":20,"4":20,"5":1,"6":1,"7":1,"8":1,"9":1,"10":1,"11":1,"12":1,"13":1,"14":1,"15":3,"16":3,"17":3,"18":1,"19":1,"20":3,"21":1,"22":1,"23":1,"24":1,"25":3,"26":1,"27":1,"28":1,"29":1,"30":3,"31":1,"32":1,"33":3,"34":1,"35":1,"36":1,"37":1,"38":3,"39":1,"40":1,"41":1,"42":1,"43":3,"44":2,"45":2,"46":3,"47":1,"48":1,"49":1,"50":1,"51":3,"52":1,"53":1,"54":1,"55":1,"56":3,"57":3},"f":{"0":2,"1":20,"2":1,"3":1,"4":3,"5":1,"6":1,"7":1,"8":1,"9":1,"10":1,"11":2,"12":1,"13":1,"14":3},"b":{},"_coverageSchema":"1a1c01bbd47fc00a2c39e90264f33305004495a9","hash":"0c1f39aabc9a1d3048a9b58c2e825845b2194a7b"}
,"/home/silas/Documents/Projects/z1/pokedex/src/scenes/detail/index.tsx": {"path":"/home/silas/Documents/Projects/z1/pokedex/src/scenes/detail/index.tsx","statementMap":{"0":{"start":{"line":15,"column":15},"end":{"line":139,"column":1}},"1":{"start":{"line":16,"column":32},"end":{"line":16,"column":61}},"2":{"start":{"line":17,"column":34},"end":{"line":17,"column":49}},"3":{"start":{"line":18,"column":38},"end":{"line":18,"column":63}},"4":{"start":{"line":19,"column":50},"end":{"line":19,"column":72}},"5":{"start":{"line":21,"column":2},"end":{"line":23,"column":9}},"6":{"start":{"line":22,"column":4},"end":{"line":22,"column":46}},"7":{"start":{"line":25,"column":2},"end":{"line":29,"column":25}},"8":{"start":{"line":26,"column":4},"end":{"line":28,"column":5}},"9":{"start":{"line":27,"column":6},"end":{"line":27,"column":58}},"10":{"start":{"line":31,"column":2},"end":{"line":35,"column":17}},"11":{"start":{"line":32,"column":4},"end":{"line":34,"column":5}},"12":{"start":{"line":33,"column":6},"end":{"line":33,"column":31}},"13":{"start":{"line":37,"column":2},"end":{"line":138,"column":3}},"14":{"start":{"line":38,"column":4},"end":{"line":38,"column":23}},"15":{"start":{"line":39,"column":9},"end":{"line":138,"column":3}},"16":{"start":{"line":40,"column":4},"end":{"line":40,"column":16}},"17":{"start":{"line":42,"column":4},"end":{"line":137,"column":6}},"18":{"start":{"line":51,"column":27},"end":{"line":51,"column":46}},"19":{"start":{"line":58,"column":29},"end":{"line":58,"column":48}},"20":{"start":{"line":93,"column":16},"end":{"line":96,"column":23}},"21":{"start":{"line":102,"column":16},"end":{"line":105,"column":23}},"22":{"start":{"line":124,"column":16},"end":{"line":129,"column":17}},"23":{"start":{"line":143,"column":15},"end":{"line":209,"column":2}}},"fnMap":{"0":{"name":"(anonymous_0)","decl":{"start":{"line":15,"column":15},"end":{"line":15,"column":16}},"loc":{"start":{"line":15,"column":75},"end":{"line":139,"column":1}},"line":15},"1":{"name":"(anonymous_1)","decl":{"start":{"line":21,"column":12},"end":{"line":21,"column":13}},"loc":{"start":{"line":21,"column":18},"end":{"line":23,"column":3}},"line":21},"2":{"name":"(anonymous_2)","decl":{"start":{"line":25,"column":12},"end":{"line":25,"column":13}},"loc":{"start":{"line":25,"column":18},"end":{"line":29,"column":3}},"line":25},"3":{"name":"(anonymous_3)","decl":{"start":{"line":31,"column":12},"end":{"line":31,"column":13}},"loc":{"start":{"line":31,"column":18},"end":{"line":35,"column":3}},"line":31},"4":{"name":"(anonymous_4)","decl":{"start":{"line":51,"column":21},"end":{"line":51,"column":22}},"loc":{"start":{"line":51,"column":27},"end":{"line":51,"column":46}},"line":51},"5":{"name":"(anonymous_5)","decl":{"start":{"line":58,"column":23},"end":{"line":58,"column":24}},"loc":{"start":{"line":58,"column":29},"end":{"line":58,"column":48}},"line":58},"6":{"name":"(anonymous_6)","decl":{"start":{"line":92,"column":39},"end":{"line":92,"column":40}},"loc":{"start":{"line":93,"column":16},"end":{"line":96,"column":23}},"line":93},"7":{"name":"(anonymous_7)","decl":{"start":{"line":101,"column":40},"end":{"line":101,"column":41}},"loc":{"start":{"line":102,"column":16},"end":{"line":105,"column":23}},"line":102},"8":{"name":"(anonymous_8)","decl":{"start":{"line":123,"column":23},"end":{"line":123,"column":24}},"loc":{"start":{"line":124,"column":16},"end":{"line":129,"column":17}},"line":124}},"branchMap":{"0":{"loc":{"start":{"line":26,"column":4},"end":{"line":28,"column":5}},"type":"if","locations":[{"start":{"line":26,"column":4},"end":{"line":28,"column":5}},{"start":{},"end":{}}],"line":26},"1":{"loc":{"start":{"line":32,"column":4},"end":{"line":34,"column":5}},"type":"if","locations":[{"start":{"line":32,"column":4},"end":{"line":34,"column":5}},{"start":{},"end":{}}],"line":32},"2":{"loc":{"start":{"line":37,"column":2},"end":{"line":138,"column":3}},"type":"if","locations":[{"start":{"line":37,"column":2},"end":{"line":138,"column":3}},{"start":{"line":39,"column":9},"end":{"line":138,"column":3}}],"line":37},"3":{"loc":{"start":{"line":39,"column":9},"end":{"line":138,"column":3}},"type":"if","locations":[{"start":{"line":39,"column":9},"end":{"line":138,"column":3}},{"start":{"line":41,"column":9},"end":{"line":138,"column":3}}],"line":39},"4":{"loc":{"start":{"line":56,"column":11},"end":{"line":63,"column":11}},"type":"binary-expr","locations":[{"start":{"line":56,"column":11},"end":{"line":56,"column":19}},{"start":{"line":57,"column":12},"end":{"line":62,"column":14}}],"line":56},"5":{"loc":{"start":{"line":95,"column":19},"end":{"line":95,"column":65}},"type":"binary-expr","locations":[{"start":{"line":95,"column":19},"end":{"line":95,"column":58}},{"start":{"line":95,"column":62},"end":{"line":95,"column":65}}],"line":95},"6":{"loc":{"start":{"line":104,"column":19},"end":{"line":104,"column":66}},"type":"binary-expr","locations":[{"start":{"line":104,"column":19},"end":{"line":104,"column":59}},{"start":{"line":104,"column":63},"end":{"line":104,"column":66}}],"line":104}},"s":{"0":1,"1":2,"2":2,"3":2,"4":2,"5":2,"6":1,"7":2,"8":2,"9":0,"10":2,"11":1,"12":0,"13":2,"14":0,"15":2,"16":2,"17":0,"18":0,"19":0,"20":0,"21":0,"22":0,"23":1},"f":{"0":2,"1":1,"2":2,"3":1,"4":0,"5":0,"6":0,"7":0,"8":0},"b":{"0":[0,2],"1":[0,1],"2":[0,2],"3":[2,0],"4":[0,0],"5":[0,0],"6":[0,0]},"_coverageSchema":"1a1c01bbd47fc00a2c39e90264f33305004495a9","hash":"b603b249ff1965fb7c9d785745aed791d5278402"}
,"/home/silas/Documents/Projects/z1/pokedex/src/scenes/home/index.tsx": {"path":"/home/silas/Documents/Projects/z1/pokedex/src/scenes/home/index.tsx","statementMap":{"0":{"start":{"line":21,"column":19},"end":{"line":21,"column":37}},"1":{"start":{"line":22,"column":38},"end":{"line":22,"column":67}},"2":{"start":{"line":23,"column":30},"end":{"line":23,"column":41}},"3":{"start":{"line":24,"column":16},"end":{"line":24,"column":18}},"4":{"start":{"line":26,"column":20},"end":{"line":28,"column":3}},"5":{"start":{"line":27,"column":4},"end":{"line":27,"column":56}},"6":{"start":{"line":30,"column":50},"end":{"line":30,"column":72}},"7":{"start":{"line":32,"column":2},"end":{"line":34,"column":9}},"8":{"start":{"line":33,"column":4},"end":{"line":33,"column":46}},"9":{"start":{"line":36,"column":2},"end":{"line":38,"column":15}},"10":{"start":{"line":37,"column":4},"end":{"line":37,"column":16}},"11":{"start":{"line":40,"column":23},"end":{"line":42,"column":3}},"12":{"start":{"line":41,"column":4},"end":{"line":41,"column":30}},"13":{"start":{"line":44,"column":21},"end":{"line":44,"column":36}},"14":{"start":{"line":45,"column":30},"end":{"line":45,"column":42}},"15":{"start":{"line":47,"column":30},"end":{"line":49,"column":3}},"16":{"start":{"line":48,"column":4},"end":{"line":48,"column":51}},"17":{"start":{"line":51,"column":21},"end":{"line":53,"column":3}},"18":{"start":{"line":52,"column":4},"end":{"line":52,"column":45}},"19":{"start":{"line":55,"column":2},"end":{"line":59,"column":17}},"20":{"start":{"line":56,"column":4},"end":{"line":58,"column":5}},"21":{"start":{"line":57,"column":6},"end":{"line":57,"column":36}},"22":{"start":{"line":61,"column":2},"end":{"line":63,"column":3}},"23":{"start":{"line":62,"column":4},"end":{"line":62,"column":23}},"24":{"start":{"line":64,"column":2},"end":{"line":108,"column":4}},"25":{"start":{"line":71,"column":34},"end":{"line":71,"column":49}},"26":{"start":{"line":77,"column":25},"end":{"line":77,"column":46}},"27":{"start":{"line":94,"column":10},"end":{"line":102,"column":12}},"28":{"start":{"line":101,"column":27},"end":{"line":101,"column":46}},"29":{"start":{"line":111,"column":15},"end":{"line":143,"column":2}}},"fnMap":{"0":{"name":"Home","decl":{"start":{"line":20,"column":24},"end":{"line":20,"column":28}},"loc":{"start":{"line":20,"column":31},"end":{"line":109,"column":1}},"line":20},"1":{"name":"(anonymous_1)","decl":{"start":{"line":26,"column":20},"end":{"line":26,"column":21}},"loc":{"start":{"line":26,"column":26},"end":{"line":28,"column":3}},"line":26},"2":{"name":"(anonymous_2)","decl":{"start":{"line":32,"column":12},"end":{"line":32,"column":13}},"loc":{"start":{"line":32,"column":18},"end":{"line":34,"column":3}},"line":32},"3":{"name":"(anonymous_3)","decl":{"start":{"line":36,"column":12},"end":{"line":36,"column":13}},"loc":{"start":{"line":36,"column":18},"end":{"line":38,"column":3}},"line":36},"4":{"name":"(anonymous_4)","decl":{"start":{"line":40,"column":23},"end":{"line":40,"column":24}},"loc":{"start":{"line":40,"column":29},"end":{"line":42,"column":3}},"line":40},"5":{"name":"(anonymous_5)","decl":{"start":{"line":47,"column":30},"end":{"line":47,"column":31}},"loc":{"start":{"line":47,"column":36},"end":{"line":49,"column":3}},"line":47},"6":{"name":"(anonymous_6)","decl":{"start":{"line":51,"column":21},"end":{"line":51,"column":22}},"loc":{"start":{"line":51,"column":37},"end":{"line":53,"column":3}},"line":51},"7":{"name":"(anonymous_7)","decl":{"start":{"line":55,"column":12},"end":{"line":55,"column":13}},"loc":{"start":{"line":55,"column":18},"end":{"line":59,"column":3}},"line":55},"8":{"name":"(anonymous_8)","decl":{"start":{"line":71,"column":24},"end":{"line":71,"column":25}},"loc":{"start":{"line":71,"column":34},"end":{"line":71,"column":49}},"line":71},"9":{"name":"(anonymous_9)","decl":{"start":{"line":77,"column":19},"end":{"line":77,"column":20}},"loc":{"start":{"line":77,"column":25},"end":{"line":77,"column":46}},"line":77},"10":{"name":"(anonymous_10)","decl":{"start":{"line":93,"column":20},"end":{"line":93,"column":21}},"loc":{"start":{"line":94,"column":10},"end":{"line":102,"column":12}},"line":94},"11":{"name":"(anonymous_11)","decl":{"start":{"line":101,"column":21},"end":{"line":101,"column":22}},"loc":{"start":{"line":101,"column":27},"end":{"line":101,"column":46}},"line":101}},"branchMap":{"0":{"loc":{"start":{"line":56,"column":4},"end":{"line":58,"column":5}},"type":"if","locations":[{"start":{"line":56,"column":4},"end":{"line":58,"column":5}},{"start":{},"end":{}}],"line":56},"1":{"loc":{"start":{"line":61,"column":2},"end":{"line":63,"column":3}},"type":"if","locations":[{"start":{"line":61,"column":2},"end":{"line":63,"column":3}},{"start":{},"end":{}}],"line":61},"2":{"loc":{"start":{"line":61,"column":6},"end":{"line":61,"column":34}},"type":"binary-expr","locations":[{"start":{"line":61,"column":6},"end":{"line":61,"column":13}},{"start":{"line":61,"column":17},"end":{"line":61,"column":34}}],"line":61}},"s":{"0":4,"1":3,"2":3,"3":3,"4":3,"5":1,"6":3,"7":3,"8":1,"9":3,"10":1,"11":3,"12":0,"13":3,"14":3,"15":3,"16":0,"17":3,"18":0,"19":3,"20":1,"21":0,"22":3,"23":2,"24":1,"25":0,"26":0,"27":0,"28":0,"29":1},"f":{"0":4,"1":1,"2":1,"3":1,"4":0,"5":0,"6":0,"7":1,"8":0,"9":0,"10":0,"11":0},"b":{"0":[0,1],"1":[2,1],"2":[3,2]},"_coverageSchema":"1a1c01bbd47fc00a2c39e90264f33305004495a9","hash":"1f34bbd3df6beba265c946118ba273aaa4ecaeef"}
,"/home/silas/Documents/Projects/z1/pokedex/src/utils/catchPokemon.ts": {"path":"/home/silas/Documents/Projects/z1/pokedex/src/utils/catchPokemon.ts","statementMap":{"0":{"start":{"line":4,"column":28},"end":{"line":18,"column":1}},"1":{"start":{"line":10,"column":17},"end":{"line":10,"column":37}},"2":{"start":{"line":11,"column":2},"end":{"line":17,"column":3}},"3":{"start":{"line":12,"column":27},"end":{"line":12,"column":47}},"4":{"start":{"line":13,"column":4},"end":{"line":13,"column":31}},"5":{"start":{"line":14,"column":4},"end":{"line":14,"column":77}},"6":{"start":{"line":16,"column":4},"end":{"line":16,"column":40}}},"fnMap":{"0":{"name":"(anonymous_0)","decl":{"start":{"line":4,"column":28},"end":{"line":4,"column":29}},"loc":{"start":{"line":9,"column":5},"end":{"line":18,"column":1}},"line":9}},"branchMap":{"0":{"loc":{"start":{"line":11,"column":2},"end":{"line":17,"column":3}},"type":"if","locations":[{"start":{"line":11,"column":2},"end":{"line":17,"column":3}},{"start":{"line":15,"column":9},"end":{"line":17,"column":3}}],"line":11}},"s":{"0":2,"1":2,"2":2,"3":1,"4":1,"5":1,"6":1},"f":{"0":2},"b":{"0":[1,1]},"_coverageSchema":"1a1c01bbd47fc00a2c39e90264f33305004495a9","hash":"55a33af7029fa6bb8a145927e582c8d08d2dda5a"}
,"/home/silas/Documents/Projects/z1/pokedex/src/utils/getColors.ts": {"path":"/home/silas/Documents/Projects/z1/pokedex/src/utils/getColors.ts","statementMap":{"0":{"start":{"line":4,"column":24},"end":{"line":10,"column":1}},"1":{"start":{"line":5,"column":2},"end":{"line":9,"column":3}},"2":{"start":{"line":6,"column":4},"end":{"line":6,"column":43}},"3":{"start":{"line":8,"column":4},"end":{"line":8,"column":32}}},"fnMap":{"0":{"name":"(anonymous_0)","decl":{"start":{"line":4,"column":24},"end":{"line":4,"column":25}},"loc":{"start":{"line":4,"column":51},"end":{"line":10,"column":1}},"line":4}},"branchMap":{"0":{"loc":{"start":{"line":5,"column":2},"end":{"line":9,"column":3}},"type":"if","locations":[{"start":{"line":5,"column":2},"end":{"line":9,"column":3}},{"start":{"line":7,"column":9},"end":{"line":9,"column":3}}],"line":5},"1":{"loc":{"start":{"line":5,"column":6},"end":{"line":5,"column":31}},"type":"binary-expr","locations":[{"start":{"line":5,"column":6},"end":{"line":5,"column":11}},{"start":{"line":5,"column":15},"end":{"line":5,"column":31}}],"line":5}},"s":{"0":4,"1":3,"2":2,"3":1},"f":{"0":3},"b":{"0":[2,1],"1":[3,3]},"_coverageSchema":"1a1c01bbd47fc00a2c39e90264f33305004495a9","hash":"d460ff288f9644f0a2b2264442de82372676855f"}
,"/home/silas/Documents/Projects/z1/pokedex/src/utils/loadStoragedPokemons.ts": {"path":"/home/silas/Documents/Projects/z1/pokedex/src/utils/loadStoragedPokemons.ts","statementMap":{"0":{"start":{"line":4,"column":36},"end":{"line":13,"column":1}},"1":{"start":{"line":7,"column":17},"end":{"line":7,"column":57}},"2":{"start":{"line":8,"column":2},"end":{"line":12,"column":3}},"3":{"start":{"line":9,"column":4},"end":{"line":9,"column":33}},"4":{"start":{"line":11,"column":4},"end":{"line":11,"column":17}}},"fnMap":{"0":{"name":"(anonymous_0)","decl":{"start":{"line":4,"column":36},"end":{"line":4,"column":37}},"loc":{"start":{"line":6,"column":5},"end":{"line":13,"column":1}},"line":6}},"branchMap":{"0":{"loc":{"start":{"line":8,"column":2},"end":{"line":12,"column":3}},"type":"if","locations":[{"start":{"line":8,"column":2},"end":{"line":12,"column":3}},{"start":{"line":10,"column":9},"end":{"line":12,"column":3}}],"line":8}},"s":{"0":3,"1":3,"2":3,"3":0,"4":3},"f":{"0":3},"b":{"0":[0,3]},"_coverageSchema":"1a1c01bbd47fc00a2c39e90264f33305004495a9","hash":"5904701a0097a7de77f528cacf10e3a47c9a1fba"}
}
