TN:
SF:store.ts
FNF:0
FNH:0
DA:4,3
LF:1
LH:1
BRF:0
BRH:0
end_of_record
TN:
SF:mock/mockDitto.ts
FNF:0
FNH:0
DA:1,2
LF:1
LH:1
BRF:0
BRH:0
end_of_record
TN:
SF:mock/mockPokemonList.ts
FNF:0
FNH:0
DA:1,2
LF:1
LH:1
BRF:0
BRH:0
end_of_record
TN:
SF:src/api/api.ts
FN:4,(anonymous_0)
FN:10,(anonymous_1)
FNF:2
FNH:2
FNDA:3,(anonymous_0)
FNDA:26,(anonymous_1)
DA:3,4
DA:5,3
DA:11,26
LF:3
LH:3
BRF:0
BRH:0
end_of_record
TN:
SF:src/api/client/errorHandler.ts
FN:3,(anonymous_0)
FNF:1
FNH:0
FNDA:0,(anonymous_0)
DA:3,4
DA:4,0
DA:5,0
DA:8,0
DA:9,0
DA:11,0
LF:6
LH:1
BRDA:4,0,0,0
BRDA:4,0,1,0
BRDA:8,1,0,0
BRDA:8,1,1,0
BRF:4
BRH:0
end_of_record
TN:
SF:src/api/client/index.ts
FN:11,(anonymous_0)
FN:12,(anonymous_1)
FN:13,(anonymous_2)
FNF:3
FNH:2
FNDA:29,(anonymous_0)
FNDA:26,(anonymous_1)
FNDA:0,(anonymous_2)
DA:4,4
DA:6,4
DA:11,4
DA:12,29
DA:13,29
DA:14,29
LF:6
LH:6
BRDA:11,0,0,29
BRF:1
BRH:1
end_of_record
TN:
SF:src/components/Card/index.tsx
FN:9,(anonymous_0)
FNF:1
FNH:1
FNDA:1,(anonymous_0)
DA:10,1
DA:15,1
DA:49,2
LF:3
LH:3
BRDA:29,0,0,1
BRDA:29,0,1,0
BRF:2
BRH:1
end_of_record
TN:
SF:src/components/Loading/index.tsx
FN:5,Loading
FNF:1
FNH:1
FNDA:3,Loading
DA:6,3
DA:20,3
LF:2
LH:2
BRF:0
BRH:0
end_of_record
TN:
SF:src/components/PokemonTypeList/index.tsx
FN:11,(anonymous_0)
FN:14,(anonymous_1)
FNF:2
FNH:2
FNDA:2,(anonymous_0)
FNDA:4,(anonymous_1)
DA:11,4
DA:12,2
DA:15,4
DA:31,4
LF:4
LH:4
BRDA:13,0,0,2
BRDA:13,0,1,0
BRDA:19,1,0,4
BRDA:19,1,1,0
BRF:4
BRH:2
end_of_record
TN:
SF:src/constants/colors.ts
FNF:0
FNH:0
DA:1,5
LF:1
LH:1
BRF:0
BRH:0
end_of_record
TN:
SF:src/constants/keys.ts
FNF:0
FNH:0
DA:1,4
LF:1
LH:1
BRF:0
BRH:0
end_of_record
TN:
SF:src/reducers/pokemonReducer.ts
FN:10,(anonymous_0)
FN:13,(anonymous_1)
FN:24,(anonymous_2)
FN:50,(anonymous_3)
FN:85,(anonymous_4)
FN:86,(anonymous_5)
FN:92,(anonymous_6)
FN:101,(anonymous_7)
FN:109,(anonymous_8)
FN:115,(anonymous_9)
FN:124,(anonymous_10)
FN:132,(anonymous_11)
FN:136,(anonymous_12)
FN:142,(anonymous_13)
FN:152,(anonymous_14)
FNF:15
FNH:15
FNDA:2,(anonymous_0)
FNDA:20,(anonymous_1)
FNDA:1,(anonymous_2)
FNDA:1,(anonymous_3)
FNDA:3,(anonymous_4)
FNDA:1,(anonymous_5)
FNDA:1,(anonymous_6)
FNDA:1,(anonymous_7)
FNDA:1,(anonymous_8)
FNDA:1,(anonymous_9)
FNDA:1,(anonymous_10)
FNDA:2,(anonymous_11)
FNDA:1,(anonymous_12)
FNDA:1,(anonymous_13)
FNDA:3,(anonymous_14)
DA:7,3
DA:11,2
DA:12,1
DA:15,20
DA:16,20
DA:19,1
DA:25,1
DA:27,1
DA:29,1
DA:33,1
DA:45,1
DA:52,1
DA:53,1
DA:56,1
DA:68,1
DA:73,3
DA:81,3
DA:86,3
DA:87,1
DA:88,1
DA:90,3
DA:93,1
DA:94,1
DA:95,1
DA:96,1
DA:99,3
DA:102,1
DA:103,1
DA:104,1
DA:105,1
DA:109,3
DA:110,1
DA:111,1
DA:113,3
DA:116,1
DA:117,1
DA:118,1
DA:119,1
DA:122,3
DA:125,1
DA:126,1
DA:127,1
DA:128,1
DA:132,3
DA:133,2
DA:134,2
DA:136,3
DA:137,1
DA:138,1
DA:139,1
DA:140,1
DA:142,3
DA:143,1
DA:144,1
DA:145,1
DA:146,1
DA:152,3
DA:153,3
LF:58
LH:58
BRF:0
BRH:0
end_of_record
TN:
SF:src/scenes/detail/index.tsx
FN:15,(anonymous_0)
FN:21,(anonymous_1)
FN:25,(anonymous_2)
FN:31,(anonymous_3)
FN:51,(anonymous_4)
FN:58,(anonymous_5)
FN:92,(anonymous_6)
FN:101,(anonymous_7)
FN:123,(anonymous_8)
FNF:9
FNH:4
FNDA:2,(anonymous_0)
FNDA:1,(anonymous_1)
FNDA:2,(anonymous_2)
FNDA:1,(anonymous_3)
FNDA:0,(anonymous_4)
FNDA:0,(anonymous_5)
FNDA:0,(anonymous_6)
FNDA:0,(anonymous_7)
FNDA:0,(anonymous_8)
DA:15,1
DA:16,2
DA:17,2
DA:18,2
DA:19,2
DA:21,2
DA:22,1
DA:25,2
DA:26,2
DA:27,0
DA:31,2
DA:32,1
DA:33,0
DA:37,2
DA:38,0
DA:39,2
DA:40,2
DA:42,0
DA:51,0
DA:58,0
DA:93,0
DA:102,0
DA:124,0
DA:143,1
LF:24
LH:15
BRDA:26,0,0,0
BRDA:26,0,1,2
BRDA:32,1,0,0
BRDA:32,1,1,1
BRDA:37,2,0,0
BRDA:37,2,1,2
BRDA:39,3,0,2
BRDA:39,3,1,0
BRDA:56,4,0,0
BRDA:56,4,1,0
BRDA:95,5,0,0
BRDA:95,5,1,0
BRDA:104,6,0,0
BRDA:104,6,1,0
BRF:14
BRH:4
end_of_record
TN:
SF:src/scenes/home/index.tsx
FN:20,Home
FN:26,(anonymous_1)
FN:32,(anonymous_2)
FN:36,(anonymous_3)
FN:40,(anonymous_4)
FN:47,(anonymous_5)
FN:51,(anonymous_6)
FN:55,(anonymous_7)
FN:71,(anonymous_8)
FN:77,(anonymous_9)
FN:93,(anonymous_10)
FN:101,(anonymous_11)
FNF:12
FNH:5
FNDA:4,Home
FNDA:1,(anonymous_1)
FNDA:1,(anonymous_2)
FNDA:1,(anonymous_3)
FNDA:0,(anonymous_4)
FNDA:0,(anonymous_5)
FNDA:0,(anonymous_6)
FNDA:1,(anonymous_7)
FNDA:0,(anonymous_8)
FNDA:0,(anonymous_9)
FNDA:0,(anonymous_10)
FNDA:0,(anonymous_11)
DA:21,4
DA:22,3
DA:23,3
DA:24,3
DA:26,3
DA:27,1
DA:30,3
DA:32,3
DA:33,1
DA:36,3
DA:37,1
DA:40,3
DA:41,0
DA:44,3
DA:45,3
DA:47,3
DA:48,0
DA:51,3
DA:52,0
DA:55,3
DA:56,1
DA:57,0
DA:61,3
DA:62,2
DA:64,1
DA:71,0
DA:77,0
DA:94,0
DA:101,0
DA:111,1
LF:30
LH:22
BRDA:56,0,0,0
BRDA:56,0,1,1
BRDA:61,1,0,2
BRDA:61,1,1,1
BRDA:61,2,0,3
BRDA:61,2,1,2
BRF:6
BRH:5
end_of_record
TN:
SF:src/utils/catchPokemon.ts
FN:4,(anonymous_0)
FNF:1
FNH:1
FNDA:2,(anonymous_0)
DA:4,2
DA:10,2
DA:11,2
DA:12,1
DA:13,1
DA:14,1
DA:16,1
LF:7
LH:7
BRDA:11,0,0,1
BRDA:11,0,1,1
BRF:2
BRH:2
end_of_record
TN:
SF:src/utils/getColors.ts
FN:4,(anonymous_0)
FNF:1
FNH:1
FNDA:3,(anonymous_0)
DA:4,4
DA:5,3
DA:6,2
DA:8,1
LF:4
LH:4
BRDA:5,0,0,2
BRDA:5,0,1,1
BRDA:5,1,0,3
BRDA:5,1,1,3
BRF:4
BRH:4
end_of_record
TN:
SF:src/utils/loadStoragedPokemons.ts
FN:4,(anonymous_0)
FNF:1
FNH:1
FNDA:3,(anonymous_0)
DA:4,3
DA:7,3
DA:8,3
DA:9,0
DA:11,3
LF:5
LH:4
BRDA:8,0,0,0
BRDA:8,0,1,3
BRF:2
BRH:1
end_of_record
