TN:
SF:store.ts
FNF:0
FNH:0
DA:4,1
LF:1
LH:1
BRF:0
BRH:0
end_of_record
TN:
SF:mock/mockDitto.ts
FNF:0
FNH:0
DA:1,2
LF:1
LH:1
BRF:0
BRH:0
end_of_record
TN:
SF:mock/mockPokemonList.ts
FNF:0
FNH:0
DA:1,2
LF:1
LH:1
BRF:0
BRH:0
end_of_record
TN:
SF:src/api/api.ts
FN:4,(anonymous_0)
FN:10,(anonymous_1)
FNF:2
FNH:2
FNDA:2,(anonymous_0)
FNDA:26,(anonymous_1)
DA:3,2
DA:5,2
DA:11,26
LF:3
LH:3
BRF:0
BRH:0
end_of_record
TN:
SF:src/api/client/index.ts
FN:11,(anonymous_0)
FN:12,(anonymous_1)
FN:13,(anonymous_2)
FNF:3
FNH:2
FNDA:28,(anonymous_0)
FNDA:26,(anonymous_1)
FNDA:0,(anonymous_2)
DA:4,2
DA:6,2
DA:11,2
DA:12,28
DA:13,28
DA:14,28
LF:6
LH:6
BRDA:11,0,0,28
BRF:1
BRH:1
end_of_record
TN:
SF:src/components/Card/index.tsx
FN:9,(anonymous_0)
FNF:1
FNH:1
FNDA:1,(anonymous_0)
DA:10,1
DA:15,1
DA:49,1
LF:3
LH:3
BRDA:29,0,0,1
BRDA:29,0,1,0
BRF:2
BRH:1
end_of_record
TN:
SF:src/components/Loading/index.tsx
FN:5,Loading
FNF:1
FNH:1
FNDA:1,Loading
DA:6,1
DA:20,1
LF:2
LH:2
BRF:0
BRH:0
end_of_record
TN:
SF:src/components/PokemonTypeList/index.tsx
FN:11,(anonymous_0)
FN:14,(anonymous_1)
FNF:2
FNH:2
FNDA:2,(anonymous_0)
FNDA:4,(anonymous_1)
DA:11,2
DA:12,2
DA:15,4
DA:31,2
LF:4
LH:4
BRDA:13,0,0,2
BRDA:13,0,1,0
BRDA:19,1,0,4
BRDA:19,1,1,0
BRF:4
BRH:2
end_of_record
TN:
SF:src/constants/colors.ts
FNF:0
FNH:0
DA:1,3
LF:1
LH:1
BRF:0
BRH:0
end_of_record
TN:
SF:src/constants/keys.ts
FNF:0
FNH:0
DA:1,1
LF:1
LH:1
BRF:0
BRH:0
end_of_record
TN:
SF:src/reducers/pokemonReducer.ts
FN:10,(anonymous_0)
FN:13,(anonymous_1)
FN:24,(anonymous_2)
FN:50,(anonymous_3)
FN:85,(anonymous_4)
FN:86,(anonymous_5)
FN:92,(anonymous_6)
FN:101,(anonymous_7)
FN:109,(anonymous_8)
FN:115,(anonymous_9)
FN:124,(anonymous_10)
FN:132,(anonymous_11)
FN:136,(anonymous_12)
FN:142,(anonymous_13)
FN:152,(anonymous_14)
FNF:15
FNH:14
FNDA:1,(anonymous_0)
FNDA:20,(anonymous_1)
FNDA:1,(anonymous_2)
FNDA:1,(anonymous_3)
FNDA:1,(anonymous_4)
FNDA:1,(anonymous_5)
FNDA:1,(anonymous_6)
FNDA:1,(anonymous_7)
FNDA:1,(anonymous_8)
FNDA:1,(anonymous_9)
FNDA:1,(anonymous_10)
FNDA:1,(anonymous_11)
FNDA:1,(anonymous_12)
FNDA:1,(anonymous_13)
FNDA:0,(anonymous_14)
DA:7,1
DA:11,1
DA:12,1
DA:15,20
DA:16,20
DA:19,1
DA:25,1
DA:27,1
DA:29,1
DA:33,1
DA:45,1
DA:52,1
DA:53,1
DA:56,1
DA:68,1
DA:73,1
DA:81,1
DA:86,1
DA:87,1
DA:88,1
DA:90,1
DA:93,1
DA:94,1
DA:95,1
DA:96,1
DA:99,1
DA:102,1
DA:103,1
DA:104,1
DA:105,1
DA:109,1
DA:110,1
DA:111,1
DA:113,1
DA:116,1
DA:117,1
DA:118,1
DA:119,1
DA:122,1
DA:125,1
DA:126,1
DA:127,1
DA:128,1
DA:132,1
DA:133,1
DA:134,1
DA:136,1
DA:137,1
DA:138,1
DA:139,1
DA:140,1
DA:142,1
DA:143,1
DA:144,1
DA:145,1
DA:146,1
DA:152,1
DA:153,0
LF:58
LH:57
BRF:0
BRH:0
end_of_record
TN:
SF:src/utils/getColors.ts
FN:4,(anonymous_0)
FNF:1
FNH:1
FNDA:3,(anonymous_0)
DA:4,2
DA:5,3
DA:6,2
DA:8,1
LF:4
LH:4
BRDA:5,0,0,2
BRDA:5,0,1,1
BRDA:5,1,0,3
BRDA:5,1,1,3
BRF:4
BRH:4
end_of_record
TN:
SF:src/utils/loadStoragedPokemons.ts
FN:4,(anonymous_0)
FNF:1
FNH:1
FNDA:1,(anonymous_0)
DA:4,1
DA:7,1
DA:8,1
DA:9,0
DA:11,1
LF:5
LH:4
BRDA:8,0,0,0
BRDA:8,0,1,1
BRF:2
BRH:1
end_of_record
